
*** Running vivado
    with args -log freDetect.vdi -applog -m64 -messageDb vivado.pb -mode batch -source freDetect.tcl -notrace


****** Vivado v2015.4 (64-bit)
  **** SW Build 1412921 on Wed Nov 18 09:43:45 MST 2015
  **** IP Build 1412160 on Tue Nov 17 13:47:24 MST 2015
    ** Copyright 1986-2015 Xilinx, Inc. All Rights Reserved.

source freDetect.tcl -notrace
Design is defaulting to srcset: sources_1
Design is defaulting to constrset: constrs_1
INFO: [Netlist 29-17] Analyzing 15 Unisim elements for replacement
INFO: [Netlist 29-28] Unisim Transformation completed in 0 CPU seconds
INFO: [Project 1-479] Netlist was created with Vivado 2015.4
INFO: [Device 21-403] Loading part xc7a100tcsg324-1
INFO: [Project 1-570] Preparing netlist for logic optimization
Parsing XDC File [C:/Users/xushu/Desktop/FPGa/project/freDetect_2/freDetect_2.srcs/constrs_1/new/test.xdc]
Finished Parsing XDC File [C:/Users/xushu/Desktop/FPGa/project/freDetect_2/freDetect_2.srcs/constrs_1/new/test.xdc]
INFO: [Opt 31-138] Pushed 0 inverter(s) to 0 load pin(s).
INFO: [Project 1-111] Unisim Transformation Summary:
No Unisim elements were transformed.

Command: opt_design
Attempting to get a license for feature 'Implementation' and/or device 'xc7a100t'
INFO: [Common 17-349] Got license for feature 'Implementation' and/or device 'xc7a100t'
Running DRC as a precondition to command opt_design

Starting DRC Task
INFO: [DRC 23-27] Running DRC with 2 threads
INFO: [Project 1-461] DRC finished with 0 Errors
INFO: [Project 1-462] Please refer to the DRC report (report_drc) for more information.

Time (s): cpu = 00:00:00 ; elapsed = 00:00:00.071 . Memory (MB): peak = 469.816 ; gain = 3.914
INFO: [Timing 38-35] Done setting XDC timing constraints.

Starting Logic Optimization Task
Implement Debug Cores | Checksum: 25accf9c6

Phase 1 Retarget
INFO: [Opt 31-138] Pushed 0 inverter(s) to 0 load pin(s).
INFO: [Opt 31-49] Retargeted 0 cell(s).
Phase 1 Retarget | Checksum: 17bcdf100

Time (s): cpu = 00:00:00 ; elapsed = 00:00:00.032 . Memory (MB): peak = 959.188 ; gain = 0.000

Phase 2 Constant Propagation
INFO: [Opt 31-138] Pushed 0 inverter(s) to 0 load pin(s).
INFO: [Opt 31-10] Eliminated 0 cells.
Phase 2 Constant Propagation | Checksum: 17bcdf100

Time (s): cpu = 00:00:00 ; elapsed = 00:00:00.042 . Memory (MB): peak = 959.188 ; gain = 0.000

Phase 3 Sweep
INFO: [Opt 31-12] Eliminated 36 unconnected nets.
INFO: [Opt 31-11] Eliminated 0 unconnected cells.
Phase 3 Sweep | Checksum: 21879844e

Time (s): cpu = 00:00:00 ; elapsed = 00:00:00.060 . Memory (MB): peak = 959.188 ; gain = 0.000

Starting Connectivity Check Task

Time (s): cpu = 00:00:00 ; elapsed = 00:00:00.001 . Memory (MB): peak = 959.188 ; gain = 0.000
Ending Logic Optimization Task | Checksum: 21879844e

Time (s): cpu = 00:00:00 ; elapsed = 00:00:00.063 . Memory (MB): peak = 959.188 ; gain = 0.000

Starting Power Optimization Task
INFO: [Pwropt 34-132] Skipping clock gating for clocks with a period < 2.00 ns.
Ending Power Optimization Task | Checksum: 21879844e

Time (s): cpu = 00:00:00 ; elapsed = 00:00:00.006 . Memory (MB): peak = 959.188 ; gain = 0.000
INFO: [Common 17-83] Releasing license: Implementation
20 Infos, 0 Warnings, 0 Critical Warnings and 0 Errors encountered.
opt_design completed successfully
opt_design: Time (s): cpu = 00:00:11 ; elapsed = 00:00:11 . Memory (MB): peak = 959.188 ; gain = 493.285
Writing placer database...
Writing XDEF routing.
Writing XDEF routing logical nets.
Writing XDEF routing special nets.
Write XDEF Complete: Time (s): cpu = 00:00:00 ; elapsed = 00:00:00.053 . Memory (MB): peak = 959.188 ; gain = 0.000
INFO: [DRC 23-27] Running DRC with 2 threads
INFO: [Coretcl 2-168] The results of DRC are in file C:/Users/xushu/Desktop/FPGa/project/freDetect_2/freDetect_2.runs/impl_1/freDetect_drc_opted.rpt.
INFO: [Vivado_Tcl 4-424] Cannot write hardware definition file as there are no IPI block design hardware handoff files present
Command: place_design
Attempting to get a license for feature 'Implementation' and/or device 'xc7a100t'
INFO: [Common 17-349] Got license for feature 'Implementation' and/or device 'xc7a100t'
INFO: [DRC 23-27] Running DRC with 2 threads
INFO: [Vivado_Tcl 4-198] DRC finished with 0 Errors
INFO: [Vivado_Tcl 4-199] Please refer to the DRC report (report_drc) for more information.
Running DRC as a precondition to command place_design
INFO: [DRC 23-27] Running DRC with 2 threads
INFO: [Vivado_Tcl 4-198] DRC finished with 0 Errors
INFO: [Vivado_Tcl 4-199] Please refer to the DRC report (report_drc) for more information.

Starting Placer Task
INFO: [Place 30-611] Multithreading enabled for place_design using a maximum of 2 CPUs

Phase 1 Placer Initialization
Netlist sorting complete. Time (s): cpu = 00:00:00 ; elapsed = 00:00:00 . Memory (MB): peak = 959.188 ; gain = 0.000
Netlist sorting complete. Time (s): cpu = 00:00:00 ; elapsed = 00:00:00 . Memory (MB): peak = 959.188 ; gain = 0.000

Phase 1.1 IO Placement/ Clock Placement/ Build Placer Device

Phase 1.1.1 Pre-Place Cells
Phase 1.1.1 Pre-Place Cells | Checksum: f9c39cae

Time (s): cpu = 00:00:00 ; elapsed = 00:00:00.027 . Memory (MB): peak = 959.188 ; gain = 0.000
INFO: [Timing 38-35] Done setting XDC timing constraints.

Phase 1.1.2 IO and Clk Clean Up
Phase 1.1.2 IO and Clk Clean Up | Checksum: f9c39cae

Time (s): cpu = 00:00:01 ; elapsed = 00:00:00.901 . Memory (MB): peak = 973.797 ; gain = 14.609

Phase 1.1.3 Implementation Feasibility check On IDelay
Phase 1.1.3 Implementation Feasibility check On IDelay | Checksum: f9c39cae

Time (s): cpu = 00:00:01 ; elapsed = 00:00:00.904 . Memory (MB): peak = 973.797 ; gain = 14.609

Phase 1.1.4 Commit IO Placement
Phase 1.1.4 Commit IO Placement | Checksum: 3068547e

Time (s): cpu = 00:00:01 ; elapsed = 00:00:00.905 . Memory (MB): peak = 973.797 ; gain = 14.609
Phase 1.1 IO Placement/ Clock Placement/ Build Placer Device | Checksum: 9df64c92

Time (s): cpu = 00:00:01 ; elapsed = 00:00:00.907 . Memory (MB): peak = 973.797 ; gain = 14.609

Phase 1.2 Build Placer Netlist Model

Phase 1.2.1 Place Init Design
Phase 1.2.1 Place Init Design | Checksum: b332e135

Time (s): cpu = 00:00:01 ; elapsed = 00:00:00.972 . Memory (MB): peak = 973.797 ; gain = 14.609
Phase 1.2 Build Placer Netlist Model | Checksum: b332e135

Time (s): cpu = 00:00:01 ; elapsed = 00:00:00.973 . Memory (MB): peak = 973.797 ; gain = 14.609

Phase 1.3 Constrain Clocks/Macros

Phase 1.3.1 Constrain Global/Regional Clocks
Phase 1.3.1 Constrain Global/Regional Clocks | Checksum: b332e135

Time (s): cpu = 00:00:01 ; elapsed = 00:00:00.977 . Memory (MB): peak = 973.797 ; gain = 14.609
Phase 1.3 Constrain Clocks/Macros | Checksum: b332e135

Time (s): cpu = 00:00:01 ; elapsed = 00:00:00.979 . Memory (MB): peak = 973.797 ; gain = 14.609
Phase 1 Placer Initialization | Checksum: b332e135

Time (s): cpu = 00:00:01 ; elapsed = 00:00:00.981 . Memory (MB): peak = 973.797 ; gain = 14.609

Phase 2 Global Placement
Phase 2 Global Placement | Checksum: 16ea6b9cf

Time (s): cpu = 00:00:01 ; elapsed = 00:00:01 . Memory (MB): peak = 973.797 ; gain = 14.609

Phase 3 Detail Placement

Phase 3.1 Commit Multi Column Macros
Phase 3.1 Commit Multi Column Macros | Checksum: 16ea6b9cf

Time (s): cpu = 00:00:01 ; elapsed = 00:00:01 . Memory (MB): peak = 973.797 ; gain = 14.609

Phase 3.2 Commit Most Macros & LUTRAMs
Phase 3.2 Commit Most Macros & LUTRAMs | Checksum: 1b2506516

Time (s): cpu = 00:00:01 ; elapsed = 00:00:01 . Memory (MB): peak = 973.797 ; gain = 14.609

Phase 3.3 Area Swap Optimization
Phase 3.3 Area Swap Optimization | Checksum: 105e6f43a

Time (s): cpu = 00:00:01 ; elapsed = 00:00:01 . Memory (MB): peak = 973.797 ; gain = 14.609

Phase 3.4 Small Shape Detail Placement

Phase 3.4.1 Commit Small Macros and Core Logic

Phase 3.4.1.1 Commit Slice Clusters
Phase 3.4.1.1 Commit Slice Clusters | Checksum: 1e6df0a9c

Time (s): cpu = 00:00:01 ; elapsed = 00:00:01 . Memory (MB): peak = 973.797 ; gain = 14.609
Phase 3.4.1 Commit Small Macros and Core Logic | Checksum: 1e6df0a9c

Time (s): cpu = 00:00:01 ; elapsed = 00:00:02 . Memory (MB): peak = 973.797 ; gain = 14.609

Phase 3.4.2 Clock Restriction Legalization for Leaf Columns
Phase 3.4.2 Clock Restriction Legalization for Leaf Columns | Checksum: 1e6df0a9c

Time (s): cpu = 00:00:01 ; elapsed = 00:00:02 . Memory (MB): peak = 973.797 ; gain = 14.609

Phase 3.4.3 Clock Restriction Legalization for Non-Clock Pins
Phase 3.4.3 Clock Restriction Legalization for Non-Clock Pins | Checksum: 1e6df0a9c

Time (s): cpu = 00:00:01 ; elapsed = 00:00:02 . Memory (MB): peak = 973.797 ; gain = 14.609
Phase 3.4 Small Shape Detail Placement | Checksum: 1e6df0a9c

Time (s): cpu = 00:00:01 ; elapsed = 00:00:02 . Memory (MB): peak = 973.797 ; gain = 14.609

Phase 3.5 Re-assign LUT pins
Phase 3.5 Re-assign LUT pins | Checksum: 1e6df0a9c

Time (s): cpu = 00:00:01 ; elapsed = 00:00:02 . Memory (MB): peak = 973.797 ; gain = 14.609
Phase 3 Detail Placement | Checksum: 1e6df0a9c

Time (s): cpu = 00:00:01 ; elapsed = 00:00:02 . Memory (MB): peak = 973.797 ; gain = 14.609

Phase 4 Post Placement Optimization and Clean-Up

Phase 4.1 Post Commit Optimization
Phase 4.1 Post Commit Optimization | Checksum: 1e6df0a9c

Time (s): cpu = 00:00:01 ; elapsed = 00:00:02 . Memory (MB): peak = 973.797 ; gain = 14.609

Phase 4.2 Sweep Clock Roots: Post-Placement
Phase 4.2 Sweep Clock Roots: Post-Placement | Checksum: 1e6df0a9c

Time (s): cpu = 00:00:01 ; elapsed = 00:00:02 . Memory (MB): peak = 973.797 ; gain = 14.609

Phase 4.3 Post Placement Cleanup
Phase 4.3 Post Placement Cleanup | Checksum: 1e6df0a9c

Time (s): cpu = 00:00:01 ; elapsed = 00:00:02 . Memory (MB): peak = 973.797 ; gain = 14.609

Phase 4.4 Placer Reporting
Phase 4.4 Placer Reporting | Checksum: 1e6df0a9c

Time (s): cpu = 00:00:01 ; elapsed = 00:00:02 . Memory (MB): peak = 973.797 ; gain = 14.609

Phase 4.5 Final Placement Cleanup
Phase 4.5 Final Placement Cleanup | Checksum: 1d6b5e97c

Time (s): cpu = 00:00:01 ; elapsed = 00:00:02 . Memory (MB): peak = 973.797 ; gain = 14.609
Phase 4 Post Placement Optimization and Clean-Up | Checksum: 1d6b5e97c

Time (s): cpu = 00:00:01 ; elapsed = 00:00:02 . Memory (MB): peak = 973.797 ; gain = 14.609
Ending Placer Task | Checksum: 158de5091

Time (s): cpu = 00:00:01 ; elapsed = 00:00:02 . Memory (MB): peak = 973.797 ; gain = 14.609
INFO: [Common 17-83] Releasing license: Implementation
33 Infos, 0 Warnings, 0 Critical Warnings and 0 Errors encountered.
place_design completed successfully
Writing placer database...
Writing XDEF routing.
Writing XDEF routing logical nets.
Writing XDEF routing special nets.
Write XDEF Complete: Time (s): cpu = 00:00:00 ; elapsed = 00:00:00.076 . Memory (MB): peak = 973.797 ; gain = 0.000
report_io: Time (s): cpu = 00:00:00 ; elapsed = 00:00:00.040 . Memory (MB): peak = 973.797 ; gain = 0.000
report_utilization: Time (s): cpu = 00:00:00 ; elapsed = 00:00:00.021 . Memory (MB): peak = 973.797 ; gain = 0.000
report_control_sets: Time (s): cpu = 00:00:00 ; elapsed = 00:00:00.003 . Memory (MB): peak = 973.797 ; gain = 0.000
Command: route_design
Attempting to get a license for feature 'Implementation' and/or device 'xc7a100t'
INFO: [Common 17-349] Got license for feature 'Implementation' and/or device 'xc7a100t'
Running DRC as a precondition to command route_design
INFO: [DRC 23-27] Running DRC with 2 threads
INFO: [Vivado_Tcl 4-198] DRC finished with 0 Errors
INFO: [Vivado_Tcl 4-199] Please refer to the DRC report (report_drc) for more information.


Starting Routing Task
INFO: [Route 35-254] Multithreading enabled for route_design using a maximum of 2 CPUs
Checksum: PlaceDB: fb79799d ConstDB: 0 ShapeSum: 5d64d6f4 RouteDB: 0

Phase 1 Build RT Design
Phase 1 Build RT Design | Checksum: a35ac78e

Time (s): cpu = 00:00:32 ; elapsed = 00:00:29 . Memory (MB): peak = 1094.070 ; gain = 120.273

Phase 2 Router Initialization
INFO: [Route 35-64] No timing constraints were detected. The router will operate in resource-optimization mode.

Phase 2.1 Pre Route Cleanup
Phase 2.1 Pre Route Cleanup | Checksum: a35ac78e

Time (s): cpu = 00:00:32 ; elapsed = 00:00:29 . Memory (MB): peak = 1099.066 ; gain = 125.270
 Number of Nodes with overlaps = 0
Phase 2 Router Initialization | Checksum: 642c2979

Time (s): cpu = 00:00:32 ; elapsed = 00:00:29 . Memory (MB): peak = 1112.637 ; gain = 138.840

Phase 3 Initial Routing
Phase 3 Initial Routing | Checksum: 90e1b564

Time (s): cpu = 00:00:33 ; elapsed = 00:00:29 . Memory (MB): peak = 1112.637 ; gain = 138.840

Phase 4 Rip-up And Reroute

Phase 4.1 Global Iteration 0
 Number of Nodes with overlaps = 9
 Number of Nodes with overlaps = 0
Phase 4.1 Global Iteration 0 | Checksum: 10297b69b

Time (s): cpu = 00:00:33 ; elapsed = 00:00:29 . Memory (MB): peak = 1112.637 ; gain = 138.840
Phase 4 Rip-up And Reroute | Checksum: 10297b69b

Time (s): cpu = 00:00:33 ; elapsed = 00:00:29 . Memory (MB): peak = 1112.637 ; gain = 138.840

Phase 5 Delay and Skew Optimization
Phase 5 Delay and Skew Optimization | Checksum: 10297b69b

Time (s): cpu = 00:00:33 ; elapsed = 00:00:29 . Memory (MB): peak = 1112.637 ; gain = 138.840

Phase 6 Post Hold Fix
Phase 6 Post Hold Fix | Checksum: 10297b69b

Time (s): cpu = 00:00:33 ; elapsed = 00:00:29 . Memory (MB): peak = 1112.637 ; gain = 138.840

Phase 7 Route finalize

Router Utilization Summary
  Global Vertical Routing Utilization    = 0.0172781 %
  Global Horizontal Routing Utilization  = 0.0128588 %
  Routable Net Status*
  *Does not include unroutable nets such as driverless and loadless.
  Run report_route_status for detailed report.
  Number of Failed Nets               = 0
  Number of Unrouted Nets             = 0
  Number of Partially Routed Nets     = 0
  Number of Node Overlaps             = 0

Congestion Report
North Dir 1x1 Area, Max Cong = 18.018%, No Congested Regions.
South Dir 1x1 Area, Max Cong = 16.2162%, No Congested Regions.
East Dir 1x1 Area, Max Cong = 19.1176%, No Congested Regions.
West Dir 1x1 Area, Max Cong = 17.6471%, No Congested Regions.
Phase 7 Route finalize | Checksum: 10297b69b

Time (s): cpu = 00:00:33 ; elapsed = 00:00:29 . Memory (MB): peak = 1112.637 ; gain = 138.840

Phase 8 Verifying routed nets

 Verification completed successfully
Phase 8 Verifying routed nets | Checksum: 10297b69b

Time (s): cpu = 00:00:33 ; elapsed = 00:00:29 . Memory (MB): peak = 1112.637 ; gain = 138.840

Phase 9 Depositing Routes
Phase 9 Depositing Routes | Checksum: bd38cfcc

Time (s): cpu = 00:00:33 ; elapsed = 00:00:29 . Memory (MB): peak = 1112.637 ; gain = 138.840
INFO: [Route 35-16] Router Completed Successfully

Time (s): cpu = 00:00:33 ; elapsed = 00:00:29 . Memory (MB): peak = 1112.637 ; gain = 138.840

Routing Is Done.
INFO: [Common 17-83] Releasing license: Implementation
41 Infos, 0 Warnings, 0 Critical Warnings and 0 Errors encountered.
route_design completed successfully
route_design: Time (s): cpu = 00:00:34 ; elapsed = 00:00:30 . Memory (MB): peak = 1112.637 ; gain = 138.840
Writing placer database...
Writing XDEF routing.
Writing XDEF routing logical nets.
Writing XDEF routing special nets.
Write XDEF Complete: Time (s): cpu = 00:00:00 ; elapsed = 00:00:00.075 . Memory (MB): peak = 1112.637 ; gain = 0.000
INFO: [DRC 23-27] Running DRC with 2 threads
INFO: [Coretcl 2-168] The results of DRC are in file C:/Users/xushu/Desktop/FPGa/project/freDetect_2/freDetect_2.runs/impl_1/freDetect_drc_routed.rpt.
INFO: [Timing 38-91] UpdateTimingParams: Speed grade: -1, Delay Type: min_max.
INFO: [Timing 38-191] Multithreading enabled for timing update using a maximum of 2 CPUs
WARNING: [Timing 38-313] There are no user specified timing constraints. Timing constraints are needed for proper timing analysis.
WARNING: [Power 33-232] No user defined clocks were found in the design!
Resolution: Please specify clocks using create_clock/create_generated_clock for sequential elements. For pure combinatorial circuits, please specify a virtual clock, otherwise the vectorless estimation might be inaccurate
Running Vector-less Activity Propagation...

Finished Running Vector-less Activity Propagation
INFO: [Common 17-206] Exiting Vivado at Tue Apr 23 15:48:55 2019...

*** Running vivado
    with args -log freDetect.vdi -applog -m64 -messageDb vivado.pb -mode batch -source freDetect.tcl -notrace


****** Vivado v2015.4 (64-bit)
  **** SW Build 1412921 on Wed Nov 18 09:43:45 MST 2015
  **** IP Build 1412160 on Tue Nov 17 13:47:24 MST 2015
    ** Copyright 1986-2015 Xilinx, Inc. All Rights Reserved.

source freDetect.tcl -notrace
Command: open_checkpoint freDetect_routed.dcp
****** Webtalk v2015.4 (64-bit)
  **** SW Build 1412921 on Wed Nov 18 09:43:45 MST 2015
  **** IP Build 1412160 on Tue Nov 17 13:47:24 MST 2015
    ** Copyright 1986-2015 Xilinx, Inc. All Rights Reserved.

source C:/Users/xushu/Desktop/FPGa/project/freDetect_2/freDetect_2.runs/impl_1/.Xil/Vivado-34704-/webtalk/labtool_webtalk.tcl -notrace
webtalk_transmit: Time (s): cpu = 00:00:00 ; elapsed = 00:01:03 . Memory (MB): peak = 49.668 ; gain = 0.000
INFO: [Common 17-206] Exiting Webtalk at Tue Apr 23 15:50:39 2019...
ERROR: [Common 17-101] Failed to write attributes to C:/Users/xushu/Desktop/FPGa/project/freDetect_2/freDetect_2.runs/impl_1/.Xil/Vivado-34704-/dcp/freDetect.xn.
INFO: [Common 17-206] Exiting Vivado at Tue Apr 23 15:50:39 2019...

*** Running vivado
    with args -log freDetect.vdi -applog -m64 -messageDb vivado.pb -mode batch -source freDetect.tcl -notrace


****** Vivado v2015.4 (64-bit)
  **** SW Build 1412921 on Wed Nov 18 09:43:45 MST 2015
  **** IP Build 1412160 on Tue Nov 17 13:47:24 MST 2015
    ** Copyright 1986-2015 Xilinx, Inc. All Rights Reserved.

source freDetect.tcl -notrace
Command: open_checkpoint freDetect_routed.dcp
****** Webtalk v2015.4 (64-bit)
  **** SW Build 1412921 on Wed Nov 18 09:43:45 MST 2015
  **** IP Build 1412160 on Tue Nov 17 13:47:24 MST 2015
    ** Copyright 1986-2015 Xilinx, Inc. All Rights Reserved.

source C:/Users/xushu/Desktop/FPGa/project/freDetect_2/freDetect_2.runs/impl_1/.Xil/Vivado-25144-/webtalk/labtool_webtalk.tcl -notrace
webtalk_transmit: Time (s): cpu = 00:00:00 ; elapsed = 00:01:03 . Memory (MB): peak = 50.207 ; gain = 0.016
INFO: [Common 17-206] Exiting Webtalk at Tue Apr 23 15:52:10 2019...
ERROR: [Common 17-101] Failed to write attributes to C:/Users/xushu/Desktop/FPGa/project/freDetect_2/freDetect_2.runs/impl_1/.Xil/Vivado-25144-/dcp/freDetect.xn.
INFO: [Common 17-206] Exiting Vivado at Tue Apr 23 15:52:10 2019...
